<?xml version="1.0" encoding="UTF-8"?>
<!-- Generated by org.testng.reporters.JUnitXMLReporter -->
<testsuite ignored="1" hostname="Ahmad" failures="0" tests="1" name="Default test" time="30.277" errors="0" timestamp="2024-12-13T00:03:36 EST">
  <testcase classname="AppiumExamples.Appium_Hardcoded_Examples.H_scrolling" name="scrollUsingJavaScriptExecutor" time="16.913"/>
  <testcase classname="AppiumExamples.Appium_Hardcoded_Examples.H_scrolling" name="scrollUsingAndroidUiAutomator" time="0.0">
    <ignored/>
  </testcase> <!-- scrollUsingAndroidUiAutomator -->
</testsuite> <!-- Default test -->
