<?xml version="1.0" encoding="UTF-8"?>
<!-- Generated by org.testng.reporters.JUnitXMLReporter -->
<testsuite ignored="1" hostname="Ahmad" failures="0" tests="1" name="Default test" time="24.1" errors="0" timestamp="2024-12-20T23:10:26 EST">
  <testcase classname="AppiumExamples.Appium_Hardcoded_Examples.J_DragNdrop" name="dragDropGestureUsingUtility" time="22.587"/>
  <testcase classname="AppiumExamples.Appium_Hardcoded_Examples.J_DragNdrop" name="dragDropGestureHardCoded" time="0.0">
    <ignored/>
  </testcase> <!-- dragDropGestureHardCoded -->
</testsuite> <!-- Default test -->
