<?xml version="1.0" encoding="UTF-8"?>
<testng-results ignored="0" total="1" passed="1" failed="0" skipped="0">
  <reporter-output>
  </reporter-output>
  <suite started-at="2024-11-24T21:25:42 EST" name="Default suite" finished-at="2024-11-24T21:25:49 EST" duration-ms="7206">
    <groups>
    </groups>
    <test started-at="2024-11-24T21:25:42 EST" name="Default test" finished-at="2024-11-24T21:25:49 EST" duration-ms="7206">
      <class name="AppiumExamples.Appium_Hardcoded_Examples.AppiumEmulatorBasicsTest">
        <test-method signature="appiumEmulatorBasics2()[pri:0, instance:AppiumExamples.Appium_Hardcoded_Examples.AppiumEmulatorBasicsTest@7d8995e]" started-at="2024-11-24T21:25:42 EST" name="appiumEmulatorBasics2" finished-at="2024-11-24T21:25:49 EST" duration-ms="7160" status="PASS">
          <reporter-output>
          </reporter-output>
        </test-method> <!-- appiumEmulatorBasics2 -->
      </class> <!-- AppiumExamples.Appium_Hardcoded_Examples.AppiumEmulatorBasicsTest -->
    </test> <!-- Default test -->
  </suite> <!-- Default suite -->
</testng-results>
